<?xml version="1.0" encoding="UTF-8"?>
<in-1 xml:base="file:/C:/xdata/test-calabash-xml-base/in-1.xml"
      xmlns:xi="http://www.w3.org/2001/XInclude">
   <in-2 xml:base="file:/C:/xdata/test-calabash-xml-base/include/in-2.xml"/>
</in-1>